<?xml version="1.0" encoding="UTF-8"?>
<!-- Generated by org.testng.reporters.JUnitReportReporter -->
<testsuite hostname="DESKTOP-DV4AI68" failures="0" tests="3" name="First_Code.Registraion" time="0.046" errors="0" timestamp="2024-12-26T03:42:02 GMT-05:00" skipped="0">
  <testcase classname="First_Code.Registraion" name="Password" time="0.010"/>
  <system-out/>
  <testcase classname="First_Code.Registraion" name="Phone" time="0.020"/>
  <system-out/>
  <testcase classname="First_Code.Registraion" name="Email" time="0.016"/>
  <system-out/>
</testsuite> <!-- First_Code.Registraion -->
