<?xml version="1.0" encoding="UTF-8"?>
<!-- Generated by org.testng.reporters.JUnitReportReporter -->
<testsuite hostname="DESKTOP-DV4AI68" failures="0" tests="2" name="Second_Code.Login" time="0.136" errors="0" timestamp="2024-12-26T03:45:53 GMT-05:00" skipped="0">
  <testcase classname="Second_Code.Login" name="email" time="0.007"/>
  <system-out/>
  <testcase classname="Second_Code.Login" name="Password" time="0.129"/>
  <system-out/>
</testsuite> <!-- Second_Code.Login -->
