<?xml version="1.0" encoding="UTF-8"?>
<!-- Generated by org.testng.reporters.JUnitReportReporter -->
<testsuite hostname="DESKTOP-DV4AI68" failures="0" tests="3" name="First_Code.Registraion" time="0.187" errors="0" timestamp="2024-12-26T04:07:13 GMT-05:00" skipped="0">
  <testcase classname="First_Code.Registraion" name="Phone" time="0.011"/>
  <testcase classname="First_Code.Registraion" name="Email" time="0.171"/>
  <testcase classname="First_Code.Registraion" name="Password" time="0.005"/>
</testsuite> <!-- First_Code.Registraion -->
