<?xml version="1.0" encoding="UTF-8"?>
<!-- Generated by org.testng.reporters.JUnitReportReporter -->
<testsuite hostname="DESKTOP-DV4AI68" failures="0" tests="2" name="Second_Code.Login" time="0.009" errors="0" timestamp="2024-12-26T04:07:13 GMT-05:00" skipped="0">
  <testcase classname="Second_Code.Login" name="Password" time="0.003"/>
  <testcase classname="Second_Code.Login" name="email" time="0.006"/>
</testsuite> <!-- Second_Code.Login -->
